2023-03-21 02:08:40.715 [SpringContextShutdownHook] INFO  o.s.c.alibaba.nacos.registry.NacosServiceRegistry - De-registering from Nacos Server now...
2023-03-21 02:08:44.262 [SpringContextShutdownHook] INFO  o.s.c.alibaba.nacos.registry.NacosServiceRegistry - De-registration finished.
2023-03-21 02:08:49.956 [SpringContextShutdownHook] INFO  o.s.scheduling.concurrent.ThreadPoolTaskExecutor - Shutting down ExecutorService 'applicationTaskExecutor'
2023-03-21 02:08:51.245 [SpringContextShutdownHook] INFO  com.zaxxer.hikari.HikariDataSource - HikariPool-1 - Shutdown initiated...
2023-03-21 02:08:51.567 [SpringContextShutdownHook] INFO  com.zaxxer.hikari.HikariDataSource - HikariPool-1 - Shutdown completed.
2023-03-22 16:30:51.671 [main] INFO  com.bysj.designerservice.BysjApplication - The following profiles are active: dev
2023-03-22 16:31:16.311 [main] INFO  com.bysj.designerservice.BysjApplication - The following profiles are active: dev
2023-03-22 16:33:26.519 [main] INFO  com.bysj.designerservice.BysjApplication - The following profiles are active: dev
2023-03-22 16:33:27.405 [main] INFO  o.s.d.r.config.RepositoryConfigurationDelegate - Multiple Spring Data modules found, entering strict repository configuration mode!
2023-03-22 16:33:27.420 [main] INFO  o.s.d.r.config.RepositoryConfigurationDelegate - Bootstrapping Spring Data repositories in DEFAULT mode.
2023-03-22 16:33:27.459 [main] INFO  o.s.d.r.config.RepositoryConfigurationDelegate - Finished Spring Data repository scanning in 25ms. Found 0 repository interfaces.
2023-03-22 16:33:27.836 [main] INFO  o.springframework.cloud.context.scope.GenericScope - BeanFactory id=53e688ec-5918-3e50-a473-bf78aa8fe525
2023-03-22 16:33:27.994 [main] INFO  o.s.c.s.PostProcessorRegistrationDelegate$BeanPostProcessorChecker - Bean 'org.springframework.transaction.annotation.ProxyTransactionManagementConfiguration' of type [org.springframework.transaction.annotation.ProxyTransactionManagementConfiguration] is not eligible for getting processed by all BeanPostProcessors (for example: not eligible for auto-proxying)
2023-03-22 16:33:28.059 [main] INFO  o.s.c.s.PostProcessorRegistrationDelegate$BeanPostProcessorChecker - Bean 'org.springframework.cloud.autoconfigure.ConfigurationPropertiesRebinderAutoConfiguration' of type [org.springframework.cloud.autoconfigure.ConfigurationPropertiesRebinderAutoConfiguration] is not eligible for getting processed by all BeanPostProcessors (for example: not eligible for auto-proxying)
2023-03-22 16:33:28.326 [main] INFO  o.s.boot.web.embedded.tomcat.TomcatWebServer - Tomcat initialized with port(s): 8001 (http)
2023-03-22 16:33:28.334 [main] INFO  org.apache.coyote.http11.Http11NioProtocol - Initializing ProtocolHandler ["http-nio-8001"]
2023-03-22 16:33:28.335 [main] INFO  org.apache.catalina.core.StandardService - Starting service [Tomcat]
2023-03-22 16:33:28.335 [main] INFO  org.apache.catalina.core.StandardEngine - Starting Servlet engine: [Apache Tomcat/9.0.27]
2023-03-22 16:33:28.337 [main] INFO  org.apache.catalina.core.AprLifecycleListener - Loaded APR based Apache Tomcat Native library [1.2.31] using APR version [1.7.0].
2023-03-22 16:33:28.337 [main] INFO  org.apache.catalina.core.AprLifecycleListener - APR capabilities: IPv6 [true], sendfile [true], accept filters [false], random [true].
2023-03-22 16:33:28.337 [main] INFO  org.apache.catalina.core.AprLifecycleListener - APR/OpenSSL configuration: useAprConnector [false], useOpenSSL [true]
2023-03-22 16:33:28.341 [main] INFO  org.apache.catalina.core.AprLifecycleListener - OpenSSL successfully initialized [OpenSSL 1.1.1l  24 Aug 2021]
2023-03-22 16:33:28.456 [main] INFO  o.a.c.core.ContainerBase.[Tomcat].[localhost].[/] - Initializing Spring embedded WebApplicationContext
2023-03-22 16:33:28.456 [main] INFO  org.springframework.web.context.ContextLoader - Root WebApplicationContext: initialization completed in 1923 ms
2023-03-22 16:33:28.784 [main] INFO  com.zaxxer.hikari.HikariDataSource - HikariPool-1 - Starting...
2023-03-22 16:33:30.164 [main] INFO  com.zaxxer.hikari.HikariDataSource - HikariPool-1 - Start completed.
2023-03-22 16:33:31.160 [main] INFO  s.d.s.w.PropertySourcedRequestMappingHandlerMapping - Mapped URL path [/v2/api-docs] onto method [springfox.documentation.swagger2.web.Swagger2Controller#getDocumentation(String, HttpServletRequest)]
2023-03-22 16:33:31.179 [main] INFO  com.netflix.config.sources.URLConfigurationSource - To enable URLs as dynamic configuration sources, define System property archaius.configurationSource.additionalUrls or make config.properties available on classpath.
2023-03-22 16:33:31.192 [main] INFO  com.netflix.config.sources.URLConfigurationSource - To enable URLs as dynamic configuration sources, define System property archaius.configurationSource.additionalUrls or make config.properties available on classpath.
2023-03-22 16:33:31.315 [main] INFO  o.s.scheduling.concurrent.ThreadPoolTaskExecutor - Initializing ExecutorService 'applicationTaskExecutor'
2023-03-22 16:33:34.328 [main] INFO  org.springframework.cloud.commons.util.InetUtils - Cannot determine local hostname
2023-03-22 16:33:34.431 [main] INFO  o.s.scheduling.concurrent.ThreadPoolTaskScheduler - Initializing ExecutorService
2023-03-22 16:33:36.726 [main] INFO  org.springframework.cloud.commons.util.InetUtils - Cannot determine local hostname
2023-03-22 16:33:38.840 [main] INFO  org.springframework.cloud.commons.util.InetUtils - Cannot determine local hostname
2023-03-22 16:33:39.005 [main] INFO  s.d.s.web.plugins.DocumentationPluginsBootstrapper - Context refreshed
2023-03-22 16:33:39.044 [main] INFO  s.d.s.web.plugins.DocumentationPluginsBootstrapper - Found 1 custom documentation plugin(s)
2023-03-22 16:33:39.095 [main] INFO  s.d.spring.web.scanners.ApiListingReferenceScanner - Scanning for api listing references
2023-03-22 16:33:39.248 [main] INFO  s.d.s.w.r.operation.CachingOperationNameGenerator - Generating unique operation named: indexUsingGET_1
2023-03-22 16:33:39.336 [main] INFO  org.apache.coyote.http11.Http11NioProtocol - Starting ProtocolHandler ["http-nio-8001"]
2023-03-22 16:33:39.360 [main] INFO  o.s.boot.web.embedded.tomcat.TomcatWebServer - Tomcat started on port(s): 8001 (http) with context path ''
2023-03-22 16:33:39.469 [main] INFO  o.s.c.alibaba.nacos.registry.NacosServiceRegistry - nacos registry, service-designer 192.168.153.1:8001 register finished
2023-03-22 16:33:41.660 [main] INFO  org.springframework.cloud.commons.util.InetUtils - Cannot determine local hostname
2023-03-22 16:33:41.662 [main] INFO  com.bysj.designerservice.BysjApplication - Started BysjApplication in 20.472 seconds (JVM running for 21.979)
2023-03-22 16:39:59.359 [http-nio-8001-exec-1] INFO  o.a.c.core.ContainerBase.[Tomcat].[localhost].[/] - Initializing Spring DispatcherServlet 'dispatcherServlet'
2023-03-22 16:39:59.360 [http-nio-8001-exec-1] INFO  org.springframework.web.servlet.DispatcherServlet - Initializing Servlet 'dispatcherServlet'
2023-03-22 16:39:59.510 [http-nio-8001-exec-1] INFO  org.springframework.web.servlet.DispatcherServlet - Completed initialization in 150 ms
2023-03-22 16:55:13.844 [hystrix-service-ucenter-1] INFO  com.netflix.config.ChainedDynamicProperty - Flipping property: service-ucenter.ribbon.ActiveConnectionsLimit to use NEXT property: niws.loadbalancer.availabilityFilteringRule.activeConnectionsLimit = 2147483647
2023-03-22 16:55:13.882 [hystrix-service-ucenter-1] INFO  com.netflix.loadbalancer.BaseLoadBalancer - Client: service-ucenter instantiated a LoadBalancer: DynamicServerListLoadBalancer:{NFLoadBalancer:name=service-ucenter,current list of Servers=[],Load balancer stats=Zone stats: {},Server stats: []}ServerList:null
2023-03-22 16:55:13.909 [hystrix-service-ucenter-1] INFO  c.n.loadbalancer.DynamicServerListLoadBalancer - Using serverListUpdater PollingServerListUpdater
2023-03-22 16:55:13.937 [hystrix-service-ucenter-1] INFO  com.netflix.config.ChainedDynamicProperty - Flipping property: service-ucenter.ribbon.ActiveConnectionsLimit to use NEXT property: niws.loadbalancer.availabilityFilteringRule.activeConnectionsLimit = 2147483647
2023-03-22 16:55:13.939 [hystrix-service-ucenter-1] INFO  c.n.loadbalancer.DynamicServerListLoadBalancer - DynamicServerListLoadBalancer for client service-ucenter initialized: DynamicServerListLoadBalancer:{NFLoadBalancer:name=service-ucenter,current list of Servers=[192.168.153.1:8005],Load balancer stats=Zone stats: {unknown=[Zone:unknown;	Instance count:1;	Active connections count: 0;	Circuit breaker tripped count: 0;	Active connections per server: 0.0;]
},Server stats: [[Server:192.168.153.1:8005;	Zone:UNKNOWN;	Total Requests:0;	Successive connection failure:0;	Total blackout seconds:0;	Last connection made:Thu Jan 01 08:00:00 CST 1970;	First connection made: Thu Jan 01 08:00:00 CST 1970;	Active Connections:0;	total failure count in last (1000) msecs:0;	average resp time:0.0;	90 percentile resp time:0.0;	95 percentile resp time:0.0;	min resp time:0.0;	max resp time:0.0;	stddev resp time:0.0]
]}ServerList:org.springframework.cloud.alibaba.nacos.ribbon.NacosServerList@21fd5a1e
2023-03-22 16:55:14.917 [PollingServerListUpdater-0] INFO  com.netflix.config.ChainedDynamicProperty - Flipping property: service-ucenter.ribbon.ActiveConnectionsLimit to use NEXT property: niws.loadbalancer.availabilityFilteringRule.activeConnectionsLimit = 2147483647
2023-03-22 17:08:06.795 [Thread-62] INFO  com.netflix.loadbalancer.PollingServerListUpdater - Shutting down the Executor Pool for PollingServerListUpdater
2023-03-22 17:08:06.800 [SpringContextShutdownHook] INFO  o.s.c.alibaba.nacos.registry.NacosServiceRegistry - De-registering from Nacos Server now...
2023-03-22 17:08:06.803 [SpringContextShutdownHook] INFO  o.s.c.alibaba.nacos.registry.NacosServiceRegistry - De-registration finished.
2023-03-22 17:08:06.821 [SpringContextShutdownHook] INFO  o.s.scheduling.concurrent.ThreadPoolTaskExecutor - Shutting down ExecutorService 'applicationTaskExecutor'
2023-03-22 17:08:06.851 [SpringContextShutdownHook] INFO  com.zaxxer.hikari.HikariDataSource - HikariPool-1 - Shutdown initiated...
2023-03-22 17:08:06.859 [SpringContextShutdownHook] INFO  com.zaxxer.hikari.HikariDataSource - HikariPool-1 - Shutdown completed.
2023-03-22 17:08:19.054 [main] INFO  com.bysj.designerservice.BysjApplication - The following profiles are active: dev
2023-03-22 17:08:19.722 [main] INFO  o.s.d.r.config.RepositoryConfigurationDelegate - Multiple Spring Data modules found, entering strict repository configuration mode!
2023-03-22 17:08:19.724 [main] INFO  o.s.d.r.config.RepositoryConfigurationDelegate - Bootstrapping Spring Data repositories in DEFAULT mode.
2023-03-22 17:08:19.746 [main] INFO  o.s.d.r.config.RepositoryConfigurationDelegate - Finished Spring Data repository scanning in 11ms. Found 0 repository interfaces.
2023-03-22 17:08:19.952 [main] INFO  o.springframework.cloud.context.scope.GenericScope - BeanFactory id=53e688ec-5918-3e50-a473-bf78aa8fe525
2023-03-22 17:08:20.033 [main] INFO  o.s.c.s.PostProcessorRegistrationDelegate$BeanPostProcessorChecker - Bean 'org.springframework.transaction.annotation.ProxyTransactionManagementConfiguration' of type [org.springframework.transaction.annotation.ProxyTransactionManagementConfiguration] is not eligible for getting processed by all BeanPostProcessors (for example: not eligible for auto-proxying)
2023-03-22 17:08:20.061 [main] INFO  o.s.c.s.PostProcessorRegistrationDelegate$BeanPostProcessorChecker - Bean 'org.springframework.cloud.autoconfigure.ConfigurationPropertiesRebinderAutoConfiguration' of type [org.springframework.cloud.autoconfigure.ConfigurationPropertiesRebinderAutoConfiguration] is not eligible for getting processed by all BeanPostProcessors (for example: not eligible for auto-proxying)
2023-03-22 17:08:20.237 [main] INFO  o.s.boot.web.embedded.tomcat.TomcatWebServer - Tomcat initialized with port(s): 8001 (http)
2023-03-22 17:08:20.244 [main] INFO  org.apache.coyote.http11.Http11NioProtocol - Initializing ProtocolHandler ["http-nio-8001"]
2023-03-22 17:08:20.245 [main] INFO  org.apache.catalina.core.StandardService - Starting service [Tomcat]
2023-03-22 17:08:20.245 [main] INFO  org.apache.catalina.core.StandardEngine - Starting Servlet engine: [Apache Tomcat/9.0.27]
2023-03-22 17:08:20.247 [main] INFO  org.apache.catalina.core.AprLifecycleListener - Loaded APR based Apache Tomcat Native library [1.2.31] using APR version [1.7.0].
2023-03-22 17:08:20.247 [main] INFO  org.apache.catalina.core.AprLifecycleListener - APR capabilities: IPv6 [true], sendfile [true], accept filters [false], random [true].
2023-03-22 17:08:20.247 [main] INFO  org.apache.catalina.core.AprLifecycleListener - APR/OpenSSL configuration: useAprConnector [false], useOpenSSL [true]
2023-03-22 17:08:20.250 [main] INFO  org.apache.catalina.core.AprLifecycleListener - OpenSSL successfully initialized [OpenSSL 1.1.1l  24 Aug 2021]
2023-03-22 17:08:20.363 [main] INFO  o.a.c.core.ContainerBase.[Tomcat].[localhost].[/] - Initializing Spring embedded WebApplicationContext
2023-03-22 17:08:20.363 [main] INFO  org.springframework.web.context.ContextLoader - Root WebApplicationContext: initialization completed in 1295 ms
2023-03-22 17:08:20.694 [main] INFO  com.zaxxer.hikari.HikariDataSource - HikariPool-1 - Starting...
2023-03-22 17:08:22.087 [main] INFO  com.zaxxer.hikari.HikariDataSource - HikariPool-1 - Start completed.
2023-03-22 17:08:22.923 [main] INFO  s.d.s.w.PropertySourcedRequestMappingHandlerMapping - Mapped URL path [/v2/api-docs] onto method [springfox.documentation.swagger2.web.Swagger2Controller#getDocumentation(String, HttpServletRequest)]
2023-03-22 17:08:22.941 [main] INFO  com.netflix.config.sources.URLConfigurationSource - To enable URLs as dynamic configuration sources, define System property archaius.configurationSource.additionalUrls or make config.properties available on classpath.
2023-03-22 17:08:22.945 [main] INFO  com.netflix.config.sources.URLConfigurationSource - To enable URLs as dynamic configuration sources, define System property archaius.configurationSource.additionalUrls or make config.properties available on classpath.
2023-03-22 17:08:23.048 [main] INFO  o.s.scheduling.concurrent.ThreadPoolTaskExecutor - Initializing ExecutorService 'applicationTaskExecutor'
2023-03-22 17:08:25.560 [main] INFO  org.springframework.cloud.commons.util.InetUtils - Cannot determine local hostname
2023-03-22 17:08:25.615 [main] INFO  o.s.scheduling.concurrent.ThreadPoolTaskScheduler - Initializing ExecutorService
2023-03-22 17:08:27.736 [main] INFO  org.springframework.cloud.commons.util.InetUtils - Cannot determine local hostname
2023-03-22 17:08:29.921 [main] INFO  org.springframework.cloud.commons.util.InetUtils - Cannot determine local hostname
2023-03-22 17:08:30.002 [main] INFO  s.d.s.web.plugins.DocumentationPluginsBootstrapper - Context refreshed
2023-03-22 17:08:30.018 [main] INFO  s.d.s.web.plugins.DocumentationPluginsBootstrapper - Found 1 custom documentation plugin(s)
2023-03-22 17:08:30.050 [main] INFO  s.d.spring.web.scanners.ApiListingReferenceScanner - Scanning for api listing references
2023-03-22 17:08:30.184 [main] INFO  s.d.s.w.r.operation.CachingOperationNameGenerator - Generating unique operation named: indexUsingGET_1
2023-03-22 17:08:30.269 [main] INFO  org.apache.coyote.http11.Http11NioProtocol - Starting ProtocolHandler ["http-nio-8001"]
2023-03-22 17:08:30.288 [main] INFO  o.s.boot.web.embedded.tomcat.TomcatWebServer - Tomcat started on port(s): 8001 (http) with context path ''
2023-03-22 17:08:30.297 [main] INFO  o.s.c.alibaba.nacos.registry.NacosServiceRegistry - nacos registry, service-designer 192.168.153.1:8001 register finished
2023-03-22 17:08:32.417 [main] INFO  org.springframework.cloud.commons.util.InetUtils - Cannot determine local hostname
2023-03-22 17:08:32.419 [main] INFO  com.bysj.designerservice.BysjApplication - Started BysjApplication in 18.655 seconds (JVM running for 20.278)
2023-03-22 19:44:53.644 [http-nio-8001-exec-2] INFO  o.a.c.core.ContainerBase.[Tomcat].[localhost].[/] - Initializing Spring DispatcherServlet 'dispatcherServlet'
2023-03-22 19:44:53.644 [http-nio-8001-exec-2] INFO  org.springframework.web.servlet.DispatcherServlet - Initializing Servlet 'dispatcherServlet'
2023-03-22 19:44:53.656 [http-nio-8001-exec-2] INFO  org.springframework.web.servlet.DispatcherServlet - Completed initialization in 6 ms
2023-03-22 19:45:16.884 [hystrix-service-ucenter-1] INFO  com.netflix.config.ChainedDynamicProperty - Flipping property: service-ucenter.ribbon.ActiveConnectionsLimit to use NEXT property: niws.loadbalancer.availabilityFilteringRule.activeConnectionsLimit = 2147483647
2023-03-22 19:45:16.895 [hystrix-service-ucenter-1] INFO  com.netflix.loadbalancer.BaseLoadBalancer - Client: service-ucenter instantiated a LoadBalancer: DynamicServerListLoadBalancer:{NFLoadBalancer:name=service-ucenter,current list of Servers=[],Load balancer stats=Zone stats: {},Server stats: []}ServerList:null
2023-03-22 19:45:16.905 [hystrix-service-ucenter-1] INFO  c.n.loadbalancer.DynamicServerListLoadBalancer - Using serverListUpdater PollingServerListUpdater
2023-03-22 19:45:16.921 [hystrix-service-ucenter-1] INFO  com.netflix.config.ChainedDynamicProperty - Flipping property: service-ucenter.ribbon.ActiveConnectionsLimit to use NEXT property: niws.loadbalancer.availabilityFilteringRule.activeConnectionsLimit = 2147483647
2023-03-22 19:45:16.924 [hystrix-service-ucenter-1] INFO  c.n.loadbalancer.DynamicServerListLoadBalancer - DynamicServerListLoadBalancer for client service-ucenter initialized: DynamicServerListLoadBalancer:{NFLoadBalancer:name=service-ucenter,current list of Servers=[192.168.153.1:8005],Load balancer stats=Zone stats: {unknown=[Zone:unknown;	Instance count:1;	Active connections count: 0;	Circuit breaker tripped count: 0;	Active connections per server: 0.0;]
},Server stats: [[Server:192.168.153.1:8005;	Zone:UNKNOWN;	Total Requests:0;	Successive connection failure:0;	Total blackout seconds:0;	Last connection made:Thu Jan 01 08:00:00 CST 1970;	First connection made: Thu Jan 01 08:00:00 CST 1970;	Active Connections:0;	total failure count in last (1000) msecs:0;	average resp time:0.0;	90 percentile resp time:0.0;	95 percentile resp time:0.0;	min resp time:0.0;	max resp time:0.0;	stddev resp time:0.0]
]}ServerList:org.springframework.cloud.alibaba.nacos.ribbon.NacosServerList@520073f
2023-03-22 19:45:17.928 [PollingServerListUpdater-0] INFO  com.netflix.config.ChainedDynamicProperty - Flipping property: service-ucenter.ribbon.ActiveConnectionsLimit to use NEXT property: niws.loadbalancer.availabilityFilteringRule.activeConnectionsLimit = 2147483647
2023-03-22 23:05:36.978 [Thread-58] INFO  com.netflix.loadbalancer.PollingServerListUpdater - Shutting down the Executor Pool for PollingServerListUpdater
2023-03-22 23:05:39.164 [SpringContextShutdownHook] INFO  o.s.c.alibaba.nacos.registry.NacosServiceRegistry - De-registering from Nacos Server now...
2023-03-22 23:05:39.938 [SpringContextShutdownHook] INFO  o.s.c.alibaba.nacos.registry.NacosServiceRegistry - De-registration finished.
2023-03-22 23:05:43.358 [SpringContextShutdownHook] INFO  o.s.scheduling.concurrent.ThreadPoolTaskExecutor - Shutting down ExecutorService 'applicationTaskExecutor'
2023-03-22 23:05:45.270 [SpringContextShutdownHook] INFO  com.zaxxer.hikari.HikariDataSource - HikariPool-1 - Shutdown initiated...
2023-03-22 23:05:45.432 [SpringContextShutdownHook] INFO  com.zaxxer.hikari.HikariDataSource - HikariPool-1 - Shutdown completed.
2023-04-13 00:46:04.769 [main] INFO  com.bysj.designerservice.BysjApplication - The following profiles are active: dev
2023-04-13 00:46:07.161 [main] INFO  o.s.d.r.config.RepositoryConfigurationDelegate - Multiple Spring Data modules found, entering strict repository configuration mode!
2023-04-13 00:46:07.176 [main] INFO  o.s.d.r.config.RepositoryConfigurationDelegate - Bootstrapping Spring Data repositories in DEFAULT mode.
2023-04-13 00:46:07.252 [main] INFO  o.s.d.r.config.RepositoryConfigurationDelegate - Finished Spring Data repository scanning in 58ms. Found 0 repository interfaces.
2023-04-13 00:46:07.803 [main] INFO  o.springframework.cloud.context.scope.GenericScope - BeanFactory id=53e688ec-5918-3e50-a473-bf78aa8fe525
2023-04-13 00:46:07.994 [main] INFO  o.s.c.s.PostProcessorRegistrationDelegate$BeanPostProcessorChecker - Bean 'org.springframework.transaction.annotation.ProxyTransactionManagementConfiguration' of type [org.springframework.transaction.annotation.ProxyTransactionManagementConfiguration] is not eligible for getting processed by all BeanPostProcessors (for example: not eligible for auto-proxying)
2023-04-13 00:46:08.075 [main] INFO  o.s.c.s.PostProcessorRegistrationDelegate$BeanPostProcessorChecker - Bean 'org.springframework.cloud.autoconfigure.ConfigurationPropertiesRebinderAutoConfiguration' of type [org.springframework.cloud.autoconfigure.ConfigurationPropertiesRebinderAutoConfiguration] is not eligible for getting processed by all BeanPostProcessors (for example: not eligible for auto-proxying)
2023-04-13 00:46:08.442 [main] INFO  o.s.boot.web.embedded.tomcat.TomcatWebServer - Tomcat initialized with port(s): 8001 (http)
2023-04-13 00:46:08.452 [main] INFO  org.apache.coyote.http11.Http11NioProtocol - Initializing ProtocolHandler ["http-nio-8001"]
2023-04-13 00:46:08.452 [main] INFO  org.apache.catalina.core.StandardService - Starting service [Tomcat]
2023-04-13 00:46:08.453 [main] INFO  org.apache.catalina.core.StandardEngine - Starting Servlet engine: [Apache Tomcat/9.0.27]
2023-04-13 00:46:08.454 [main] INFO  org.apache.catalina.core.AprLifecycleListener - Loaded APR based Apache Tomcat Native library [1.2.31] using APR version [1.7.0].
2023-04-13 00:46:08.454 [main] INFO  org.apache.catalina.core.AprLifecycleListener - APR capabilities: IPv6 [true], sendfile [true], accept filters [false], random [true].
2023-04-13 00:46:08.455 [main] INFO  org.apache.catalina.core.AprLifecycleListener - APR/OpenSSL configuration: useAprConnector [false], useOpenSSL [true]
2023-04-13 00:46:08.459 [main] INFO  org.apache.catalina.core.AprLifecycleListener - OpenSSL successfully initialized [OpenSSL 1.1.1l  24 Aug 2021]
2023-04-13 00:46:08.589 [main] INFO  o.a.c.core.ContainerBase.[Tomcat].[localhost].[/] - Initializing Spring embedded WebApplicationContext
2023-04-13 00:46:08.590 [main] INFO  org.springframework.web.context.ContextLoader - Root WebApplicationContext: initialization completed in 3711 ms
2023-04-13 00:46:08.975 [main] INFO  com.zaxxer.hikari.HikariDataSource - HikariPool-1 - Starting...
2023-04-13 00:46:10.197 [main] INFO  com.zaxxer.hikari.HikariDataSource - HikariPool-1 - Start completed.
2023-04-13 00:46:11.409 [main] INFO  s.d.s.w.PropertySourcedRequestMappingHandlerMapping - Mapped URL path [/v2/api-docs] onto method [springfox.documentation.swagger2.web.Swagger2Controller#getDocumentation(String, HttpServletRequest)]
2023-04-13 00:46:11.428 [main] INFO  com.netflix.config.sources.URLConfigurationSource - To enable URLs as dynamic configuration sources, define System property archaius.configurationSource.additionalUrls or make config.properties available on classpath.
2023-04-13 00:46:11.454 [main] INFO  com.netflix.config.sources.URLConfigurationSource - To enable URLs as dynamic configuration sources, define System property archaius.configurationSource.additionalUrls or make config.properties available on classpath.
2023-04-13 00:46:11.649 [main] INFO  o.s.scheduling.concurrent.ThreadPoolTaskExecutor - Initializing ExecutorService 'applicationTaskExecutor'
2023-04-13 00:46:14.559 [main] INFO  org.springframework.cloud.commons.util.InetUtils - Cannot determine local hostname
2023-04-13 00:46:14.659 [main] INFO  o.s.scheduling.concurrent.ThreadPoolTaskScheduler - Initializing ExecutorService
2023-04-13 00:46:16.785 [main] INFO  org.springframework.cloud.commons.util.InetUtils - Cannot determine local hostname
2023-04-13 00:46:18.954 [main] INFO  org.springframework.cloud.commons.util.InetUtils - Cannot determine local hostname
2023-04-13 00:46:19.106 [main] INFO  s.d.s.web.plugins.DocumentationPluginsBootstrapper - Context refreshed
2023-04-13 00:46:19.143 [main] INFO  s.d.s.web.plugins.DocumentationPluginsBootstrapper - Found 1 custom documentation plugin(s)
2023-04-13 00:46:19.182 [main] INFO  s.d.spring.web.scanners.ApiListingReferenceScanner - Scanning for api listing references
2023-04-13 00:46:19.311 [main] INFO  s.d.s.w.r.operation.CachingOperationNameGenerator - Generating unique operation named: indexUsingGET_1
2023-04-13 00:46:19.415 [main] INFO  org.apache.coyote.http11.Http11NioProtocol - Starting ProtocolHandler ["http-nio-8001"]
2023-04-13 00:46:19.445 [main] INFO  o.s.boot.web.embedded.tomcat.TomcatWebServer - Tomcat started on port(s): 8001 (http) with context path ''
2023-04-13 00:46:23.894 [main] INFO  org.springframework.cloud.commons.util.InetUtils - Cannot determine local hostname
2023-04-13 00:46:23.895 [main] INFO  com.bysj.designerservice.BysjApplication - Started BysjApplication in 24.878 seconds (JVM running for 30.515)
2023-04-13 00:46:45.459 [SpringContextShutdownHook] INFO  o.s.c.alibaba.nacos.registry.NacosServiceRegistry - De-registering from Nacos Server now...
2023-04-13 00:46:47.508 [SpringContextShutdownHook] INFO  o.s.c.alibaba.nacos.registry.NacosServiceRegistry - De-registration finished.
2023-04-13 00:46:47.587 [SpringContextShutdownHook] INFO  o.s.scheduling.concurrent.ThreadPoolTaskExecutor - Shutting down ExecutorService 'applicationTaskExecutor'
2023-04-13 00:46:47.592 [SpringContextShutdownHook] INFO  com.zaxxer.hikari.HikariDataSource - HikariPool-1 - Shutdown initiated...
2023-04-13 00:46:47.604 [SpringContextShutdownHook] INFO  com.zaxxer.hikari.HikariDataSource - HikariPool-1 - Shutdown completed.
2023-04-16 22:12:06.204 [main] INFO  com.bysj.designerservice.BysjApplication - The following profiles are active: dev
2023-04-16 22:12:08.971 [main] INFO  o.s.d.r.config.RepositoryConfigurationDelegate - Multiple Spring Data modules found, entering strict repository configuration mode!
2023-04-16 22:12:08.974 [main] INFO  o.s.d.r.config.RepositoryConfigurationDelegate - Bootstrapping Spring Data repositories in DEFAULT mode.
2023-04-16 22:12:09.017 [main] INFO  o.s.d.r.config.RepositoryConfigurationDelegate - Finished Spring Data repository scanning in 27ms. Found 0 repository interfaces.
2023-04-16 22:12:09.552 [main] INFO  o.springframework.cloud.context.scope.GenericScope - BeanFactory id=53e688ec-5918-3e50-a473-bf78aa8fe525
2023-04-16 22:12:09.721 [main] INFO  o.s.c.s.PostProcessorRegistrationDelegate$BeanPostProcessorChecker - Bean 'org.springframework.transaction.annotation.ProxyTransactionManagementConfiguration' of type [org.springframework.transaction.annotation.ProxyTransactionManagementConfiguration] is not eligible for getting processed by all BeanPostProcessors (for example: not eligible for auto-proxying)
2023-04-16 22:12:09.802 [main] INFO  o.s.c.s.PostProcessorRegistrationDelegate$BeanPostProcessorChecker - Bean 'org.springframework.cloud.autoconfigure.ConfigurationPropertiesRebinderAutoConfiguration' of type [org.springframework.cloud.autoconfigure.ConfigurationPropertiesRebinderAutoConfiguration] is not eligible for getting processed by all BeanPostProcessors (for example: not eligible for auto-proxying)
2023-04-16 22:12:10.143 [main] INFO  o.s.boot.web.embedded.tomcat.TomcatWebServer - Tomcat initialized with port(s): 8001 (http)
2023-04-16 22:12:10.159 [main] INFO  org.apache.coyote.http11.Http11NioProtocol - Initializing ProtocolHandler ["http-nio-8001"]
2023-04-16 22:12:10.160 [main] INFO  org.apache.catalina.core.StandardService - Starting service [Tomcat]
2023-04-16 22:12:10.160 [main] INFO  org.apache.catalina.core.StandardEngine - Starting Servlet engine: [Apache Tomcat/9.0.27]
2023-04-16 22:12:10.161 [main] INFO  org.apache.catalina.core.AprLifecycleListener - Loaded APR based Apache Tomcat Native library [1.2.31] using APR version [1.7.0].
2023-04-16 22:12:10.162 [main] INFO  org.apache.catalina.core.AprLifecycleListener - APR capabilities: IPv6 [true], sendfile [true], accept filters [false], random [true].
2023-04-16 22:12:10.162 [main] INFO  org.apache.catalina.core.AprLifecycleListener - APR/OpenSSL configuration: useAprConnector [false], useOpenSSL [true]
2023-04-16 22:12:10.173 [main] INFO  org.apache.catalina.core.AprLifecycleListener - OpenSSL successfully initialized [OpenSSL 1.1.1l  24 Aug 2021]
2023-04-16 22:12:10.324 [main] INFO  o.a.c.core.ContainerBase.[Tomcat].[localhost].[/] - Initializing Spring embedded WebApplicationContext
2023-04-16 22:12:10.324 [main] INFO  org.springframework.web.context.ContextLoader - Root WebApplicationContext: initialization completed in 4068 ms
2023-04-16 22:12:10.701 [main] INFO  com.zaxxer.hikari.HikariDataSource - HikariPool-1 - Starting...
2023-04-16 22:12:12.295 [main] INFO  com.zaxxer.hikari.HikariDataSource - HikariPool-1 - Start completed.
2023-04-16 22:12:13.684 [main] INFO  s.d.s.w.PropertySourcedRequestMappingHandlerMapping - Mapped URL path [/v2/api-docs] onto method [springfox.documentation.swagger2.web.Swagger2Controller#getDocumentation(String, HttpServletRequest)]
2023-04-16 22:12:13.713 [main] INFO  com.netflix.config.sources.URLConfigurationSource - To enable URLs as dynamic configuration sources, define System property archaius.configurationSource.additionalUrls or make config.properties available on classpath.
2023-04-16 22:12:13.734 [main] INFO  com.netflix.config.sources.URLConfigurationSource - To enable URLs as dynamic configuration sources, define System property archaius.configurationSource.additionalUrls or make config.properties available on classpath.
2023-04-16 22:12:13.897 [main] INFO  o.s.scheduling.concurrent.ThreadPoolTaskExecutor - Initializing ExecutorService 'applicationTaskExecutor'
2023-04-16 22:12:17.137 [main] INFO  org.springframework.cloud.commons.util.InetUtils - Cannot determine local hostname
2023-04-16 22:12:17.604 [main] INFO  o.s.scheduling.concurrent.ThreadPoolTaskScheduler - Initializing ExecutorService
2023-04-16 22:12:20.343 [main] INFO  org.springframework.cloud.commons.util.InetUtils - Cannot determine local hostname
2023-04-16 22:12:22.812 [main] INFO  org.springframework.cloud.commons.util.InetUtils - Cannot determine local hostname
2023-04-16 22:12:22.955 [main] INFO  s.d.s.web.plugins.DocumentationPluginsBootstrapper - Context refreshed
2023-04-16 22:12:23.054 [main] INFO  s.d.s.web.plugins.DocumentationPluginsBootstrapper - Found 1 custom documentation plugin(s)
2023-04-16 22:12:23.109 [main] INFO  s.d.spring.web.scanners.ApiListingReferenceScanner - Scanning for api listing references
2023-04-16 22:12:23.309 [main] INFO  s.d.s.w.r.operation.CachingOperationNameGenerator - Generating unique operation named: indexUsingGET_1
2023-04-16 22:12:23.417 [main] INFO  org.apache.coyote.http11.Http11NioProtocol - Starting ProtocolHandler ["http-nio-8001"]
2023-04-16 22:12:23.445 [main] INFO  o.s.boot.web.embedded.tomcat.TomcatWebServer - Tomcat started on port(s): 8001 (http) with context path ''
2023-04-16 22:12:23.579 [main] INFO  o.s.c.alibaba.nacos.registry.NacosServiceRegistry - nacos registry, service-designer 192.168.153.1:8001 register finished
2023-04-16 22:12:25.888 [main] INFO  org.springframework.cloud.commons.util.InetUtils - Cannot determine local hostname
2023-04-16 22:12:25.890 [main] INFO  com.bysj.designerservice.BysjApplication - Started BysjApplication in 25.64 seconds (JVM running for 31.86)
2023-04-16 22:36:12.340 [http-nio-8001-exec-1] INFO  o.a.c.core.ContainerBase.[Tomcat].[localhost].[/] - Initializing Spring DispatcherServlet 'dispatcherServlet'
2023-04-16 22:36:12.343 [http-nio-8001-exec-1] INFO  org.springframework.web.servlet.DispatcherServlet - Initializing Servlet 'dispatcherServlet'
2023-04-16 22:36:12.380 [http-nio-8001-exec-1] INFO  org.springframework.web.servlet.DispatcherServlet - Completed initialization in 37 ms
2023-04-16 23:11:37.786 [SpringContextShutdownHook] INFO  o.s.c.alibaba.nacos.registry.NacosServiceRegistry - De-registering from Nacos Server now...
2023-04-16 23:11:37.795 [SpringContextShutdownHook] INFO  o.s.c.alibaba.nacos.registry.NacosServiceRegistry - De-registration finished.
2023-04-16 23:11:37.860 [SpringContextShutdownHook] INFO  o.s.scheduling.concurrent.ThreadPoolTaskExecutor - Shutting down ExecutorService 'applicationTaskExecutor'
2023-04-16 23:11:37.898 [SpringContextShutdownHook] INFO  com.zaxxer.hikari.HikariDataSource - HikariPool-1 - Shutdown initiated...
2023-04-16 23:11:37.924 [SpringContextShutdownHook] INFO  com.zaxxer.hikari.HikariDataSource - HikariPool-1 - Shutdown completed.
2023-04-16 23:11:55.066 [main] INFO  com.bysj.designerservice.BysjApplication - The following profiles are active: dev
2023-04-16 23:11:56.393 [main] INFO  o.s.d.r.config.RepositoryConfigurationDelegate - Multiple Spring Data modules found, entering strict repository configuration mode!
2023-04-16 23:11:56.395 [main] INFO  o.s.d.r.config.RepositoryConfigurationDelegate - Bootstrapping Spring Data repositories in DEFAULT mode.
2023-04-16 23:11:56.430 [main] INFO  o.s.d.r.config.RepositoryConfigurationDelegate - Finished Spring Data repository scanning in 24ms. Found 0 repository interfaces.
2023-04-16 23:11:56.648 [main] INFO  o.springframework.cloud.context.scope.GenericScope - BeanFactory id=53e688ec-5918-3e50-a473-bf78aa8fe525
2023-04-16 23:11:56.766 [main] INFO  o.s.c.s.PostProcessorRegistrationDelegate$BeanPostProcessorChecker - Bean 'org.springframework.transaction.annotation.ProxyTransactionManagementConfiguration' of type [org.springframework.transaction.annotation.ProxyTransactionManagementConfiguration] is not eligible for getting processed by all BeanPostProcessors (for example: not eligible for auto-proxying)
2023-04-16 23:11:56.799 [main] INFO  o.s.c.s.PostProcessorRegistrationDelegate$BeanPostProcessorChecker - Bean 'org.springframework.cloud.autoconfigure.ConfigurationPropertiesRebinderAutoConfiguration' of type [org.springframework.cloud.autoconfigure.ConfigurationPropertiesRebinderAutoConfiguration] is not eligible for getting processed by all BeanPostProcessors (for example: not eligible for auto-proxying)
2023-04-16 23:11:57.071 [main] INFO  o.s.boot.web.embedded.tomcat.TomcatWebServer - Tomcat initialized with port(s): 8001 (http)
2023-04-16 23:11:57.081 [main] INFO  org.apache.coyote.http11.Http11NioProtocol - Initializing ProtocolHandler ["http-nio-8001"]
2023-04-16 23:11:57.081 [main] INFO  org.apache.catalina.core.StandardService - Starting service [Tomcat]
2023-04-16 23:11:57.081 [main] INFO  org.apache.catalina.core.StandardEngine - Starting Servlet engine: [Apache Tomcat/9.0.27]
2023-04-16 23:11:57.083 [main] INFO  org.apache.catalina.core.AprLifecycleListener - Loaded APR based Apache Tomcat Native library [1.2.31] using APR version [1.7.0].
2023-04-16 23:11:57.083 [main] INFO  org.apache.catalina.core.AprLifecycleListener - APR capabilities: IPv6 [true], sendfile [true], accept filters [false], random [true].
2023-04-16 23:11:57.083 [main] INFO  org.apache.catalina.core.AprLifecycleListener - APR/OpenSSL configuration: useAprConnector [false], useOpenSSL [true]
2023-04-16 23:11:57.087 [main] INFO  org.apache.catalina.core.AprLifecycleListener - OpenSSL successfully initialized [OpenSSL 1.1.1l  24 Aug 2021]
2023-04-16 23:11:57.222 [main] INFO  o.a.c.core.ContainerBase.[Tomcat].[localhost].[/] - Initializing Spring embedded WebApplicationContext
2023-04-16 23:11:57.223 [main] INFO  org.springframework.web.context.ContextLoader - Root WebApplicationContext: initialization completed in 2140 ms
2023-04-16 23:11:57.600 [main] INFO  com.zaxxer.hikari.HikariDataSource - HikariPool-1 - Starting...
2023-04-16 23:11:58.560 [main] INFO  com.zaxxer.hikari.HikariDataSource - HikariPool-1 - Start completed.
2023-04-16 23:11:59.634 [main] INFO  s.d.s.w.PropertySourcedRequestMappingHandlerMapping - Mapped URL path [/v2/api-docs] onto method [springfox.documentation.swagger2.web.Swagger2Controller#getDocumentation(String, HttpServletRequest)]
2023-04-16 23:11:59.651 [main] INFO  com.netflix.config.sources.URLConfigurationSource - To enable URLs as dynamic configuration sources, define System property archaius.configurationSource.additionalUrls or make config.properties available on classpath.
2023-04-16 23:11:59.655 [main] INFO  com.netflix.config.sources.URLConfigurationSource - To enable URLs as dynamic configuration sources, define System property archaius.configurationSource.additionalUrls or make config.properties available on classpath.
2023-04-16 23:11:59.747 [main] INFO  o.s.scheduling.concurrent.ThreadPoolTaskExecutor - Initializing ExecutorService 'applicationTaskExecutor'
2023-04-16 23:12:02.326 [main] INFO  org.springframework.cloud.commons.util.InetUtils - Cannot determine local hostname
2023-04-16 23:12:02.369 [main] INFO  o.s.scheduling.concurrent.ThreadPoolTaskScheduler - Initializing ExecutorService
2023-04-16 23:12:04.506 [main] INFO  org.springframework.cloud.commons.util.InetUtils - Cannot determine local hostname
2023-04-16 23:12:06.876 [main] INFO  org.springframework.cloud.commons.util.InetUtils - Cannot determine local hostname
2023-04-16 23:12:06.970 [main] INFO  s.d.s.web.plugins.DocumentationPluginsBootstrapper - Context refreshed
2023-04-16 23:12:07.005 [main] INFO  s.d.s.web.plugins.DocumentationPluginsBootstrapper - Found 1 custom documentation plugin(s)
2023-04-16 23:12:07.050 [main] INFO  s.d.spring.web.scanners.ApiListingReferenceScanner - Scanning for api listing references
2023-04-16 23:12:07.198 [main] INFO  s.d.s.w.r.operation.CachingOperationNameGenerator - Generating unique operation named: indexUsingGET_1
2023-04-16 23:12:07.289 [main] INFO  org.apache.coyote.http11.Http11NioProtocol - Starting ProtocolHandler ["http-nio-8001"]
2023-04-16 23:12:07.309 [main] INFO  o.s.boot.web.embedded.tomcat.TomcatWebServer - Tomcat started on port(s): 8001 (http) with context path ''
2023-04-16 23:12:07.318 [main] INFO  o.s.c.alibaba.nacos.registry.NacosServiceRegistry - nacos registry, service-designer 192.168.153.1:8001 register finished
2023-04-16 23:12:09.474 [main] INFO  org.springframework.cloud.commons.util.InetUtils - Cannot determine local hostname
2023-04-16 23:12:09.476 [main] INFO  com.bysj.designerservice.BysjApplication - Started BysjApplication in 20.117 seconds (JVM running for 22.359)
2023-04-16 23:14:01.082 [http-nio-8001-exec-1] INFO  o.a.c.core.ContainerBase.[Tomcat].[localhost].[/] - Initializing Spring DispatcherServlet 'dispatcherServlet'
2023-04-16 23:14:01.082 [http-nio-8001-exec-1] INFO  org.springframework.web.servlet.DispatcherServlet - Initializing Servlet 'dispatcherServlet'
2023-04-16 23:14:01.091 [http-nio-8001-exec-1] INFO  org.springframework.web.servlet.DispatcherServlet - Completed initialization in 8 ms
2023-04-16 23:20:00.054 [hystrix-service-ucenter-1] INFO  com.netflix.config.ChainedDynamicProperty - Flipping property: service-ucenter.ribbon.ActiveConnectionsLimit to use NEXT property: niws.loadbalancer.availabilityFilteringRule.activeConnectionsLimit = 2147483647
2023-04-16 23:20:00.070 [hystrix-service-ucenter-1] INFO  com.netflix.loadbalancer.BaseLoadBalancer - Client: service-ucenter instantiated a LoadBalancer: DynamicServerListLoadBalancer:{NFLoadBalancer:name=service-ucenter,current list of Servers=[],Load balancer stats=Zone stats: {},Server stats: []}ServerList:null
2023-04-16 23:20:00.075 [hystrix-service-ucenter-1] INFO  c.n.loadbalancer.DynamicServerListLoadBalancer - Using serverListUpdater PollingServerListUpdater
2023-04-16 23:20:00.088 [hystrix-service-ucenter-1] INFO  com.netflix.config.ChainedDynamicProperty - Flipping property: service-ucenter.ribbon.ActiveConnectionsLimit to use NEXT property: niws.loadbalancer.availabilityFilteringRule.activeConnectionsLimit = 2147483647
2023-04-16 23:20:00.091 [hystrix-service-ucenter-1] INFO  c.n.loadbalancer.DynamicServerListLoadBalancer - DynamicServerListLoadBalancer for client service-ucenter initialized: DynamicServerListLoadBalancer:{NFLoadBalancer:name=service-ucenter,current list of Servers=[192.168.153.1:8005],Load balancer stats=Zone stats: {unknown=[Zone:unknown;	Instance count:1;	Active connections count: 0;	Circuit breaker tripped count: 0;	Active connections per server: 0.0;]
},Server stats: [[Server:192.168.153.1:8005;	Zone:UNKNOWN;	Total Requests:0;	Successive connection failure:0;	Total blackout seconds:0;	Last connection made:Thu Jan 01 08:00:00 CST 1970;	First connection made: Thu Jan 01 08:00:00 CST 1970;	Active Connections:0;	total failure count in last (1000) msecs:0;	average resp time:0.0;	90 percentile resp time:0.0;	95 percentile resp time:0.0;	min resp time:0.0;	max resp time:0.0;	stddev resp time:0.0]
]}ServerList:org.springframework.cloud.alibaba.nacos.ribbon.NacosServerList@281ef1e5
2023-04-16 23:20:01.090 [PollingServerListUpdater-0] INFO  com.netflix.config.ChainedDynamicProperty - Flipping property: service-ucenter.ribbon.ActiveConnectionsLimit to use NEXT property: niws.loadbalancer.availabilityFilteringRule.activeConnectionsLimit = 2147483647
2023-04-16 23:52:39.653 [Thread-62] INFO  com.netflix.loadbalancer.PollingServerListUpdater - Shutting down the Executor Pool for PollingServerListUpdater
2023-04-16 23:52:39.661 [SpringContextShutdownHook] INFO  o.s.c.alibaba.nacos.registry.NacosServiceRegistry - De-registering from Nacos Server now...
2023-04-16 23:52:39.675 [SpringContextShutdownHook] INFO  o.s.c.alibaba.nacos.registry.NacosServiceRegistry - De-registration finished.
2023-04-16 23:52:39.695 [SpringContextShutdownHook] INFO  o.s.scheduling.concurrent.ThreadPoolTaskExecutor - Shutting down ExecutorService 'applicationTaskExecutor'
2023-04-16 23:52:39.736 [SpringContextShutdownHook] INFO  com.zaxxer.hikari.HikariDataSource - HikariPool-1 - Shutdown initiated...
2023-04-16 23:52:39.752 [SpringContextShutdownHook] INFO  com.zaxxer.hikari.HikariDataSource - HikariPool-1 - Shutdown completed.
